生成启动时间为 2016/6/27 18:27:44。
     1>项目“H:\VsProject\WankuTest\WankuTest\WankuTest.vcxproj”在节点 2 上(Build 个目标)。
     1>ClCompile:
         H:\vs15\VC\bin\CL.exe /c /ZI /nologo /W3 /WX- /sdl /Od /Oy- /D WIN32 /D _DEBUG /D _CONSOLE /D _UNICODE /D UNICODE /Gm /EHsc /RTC1 /MDd /GS /fp:precise /Zc:wchar_t /Zc:forScope /Zc:inline /Fo"Debug\\" /Fd"Debug\vc140.pdb" /Gd /TP /analyze- /errorReport:prompt Main.cpp
         Main.cpp
       Link:
         H:\vs15\VC\bin\link.exe /ERRORREPORT:PROMPT /OUT:"H:\VsProject\WankuTest\Debug\WankuTest.exe" /INCREMENTAL /NOLOGO kernel32.lib user32.lib gdi32.lib winspool.lib comdlg32.lib advapi32.lib shell32.lib ole32.lib oleaut32.lib uuid.lib odbc32.lib odbccp32.lib /MANIFEST /MANIFESTUAC:"level='asInvoker' uiAccess='false'" /manifest:embed /Debug /PDB:"H:\VsProject\WankuTest\Debug\WankuTest.pdb" /SUBSYSTEM:CONSOLE /TLBID:1 /DYNAMICBASE /NXCOMPAT /IMPLIB:"H:\VsProject\WankuTest\Debug\WankuTest.lib" /MACHINE:X86 Debug\Main.obj
     1>Main.obj : error LNK2001: 无法解析的外部符号 "protected: static int Graph::s_gCount" (?s_gCount@Graph@@1HA)
     1>H:\VsProject\WankuTest\Debug\WankuTest.exe : fatal error LNK1120: 1 个无法解析的外部命令
     1>已完成生成项目“H:\VsProject\WankuTest\WankuTest\WankuTest.vcxproj”(Build 个目标)的操作 - 失败。

生成失败。

已用时间 00:00:01.52
